build/app/intermediates/manifest_merge_blame_file/debug/manifest-merger-blame-debug-report.txt
1<?xml version="1.0" encoding="utf-8"?>
2<manifest xmlns:android="http://schemas.android.com/apk/res/android"
3    package="com.example.fb_signin_demo_getx"
4    android:versionCode="1"
5    android:versionName="1.0.0" >
6
7    <uses-sdk
8        android:minSdkVersion="24"
9        android:targetSdkVersion="31" />
10    <!--
11         The INTERNET permission is required for development. Specifically,
12         the Flutter tool needs it to communicate with the running application
13         to allow setting breakpoints, to provide hot reload, etc.
14    -->
15    <uses-permission android:name="android.permission.INTERNET" />
15-->src\main\AndroidManifest.xml:4:5-66
15-->src\main\AndroidManifest.xml:4:22-64
16    <uses-permission android:name="android.permission.ACCESS_NETWORK_STATE" />
16-->[com.google.android.gms:play-services-measurement-api:21.2.2] AndroidManifest.xml:23:5-79
16-->[com.google.android.gms:play-services-measurement-api:21.2.2] AndroidManifest.xml:23:22-76
17    <uses-permission android:name="android.permission.WAKE_LOCK" />
17-->[com.google.android.gms:play-services-measurement-api:21.2.2] AndroidManifest.xml:24:5-68
17-->[com.google.android.gms:play-services-measurement-api:21.2.2] AndroidManifest.xml:24:22-65
18
19    <queries>
19-->[com.facebook.android:facebook-common:16.0.1] AndroidManifest.xml:17:5-19:15
20        <package android:name="com.facebook.katana" />
20-->[com.facebook.android:facebook-common:16.0.1] AndroidManifest.xml:18:9-55
20-->[com.facebook.android:facebook-common:16.0.1] AndroidManifest.xml:18:18-52
21    </queries>
22
23    <uses-permission android:name="com.google.android.finsky.permission.BIND_GET_INSTALL_REFERRER_SERVICE" />
23-->[com.google.android.gms:play-services-measurement:21.2.2] AndroidManifest.xml:26:5-110
23-->[com.google.android.gms:play-services-measurement:21.2.2] AndroidManifest.xml:26:22-107
24
25    <application
26        android:name="android.app.Application"
27        android:appComponentFactory="androidx.core.app.CoreComponentFactory"
27-->[androidx.core:core:1.6.0] AndroidManifest.xml:24:18-86
28        android:debuggable="true"
29        android:extractNativeLibs="false"
30        android:icon="@mipmap/ic_launcher"
31        android:label="fb_signin_demo_getx"
32        android:supportsRtl="true" >
32-->[com.facebook.android:facebook-android-sdk:8.2.0] AndroidManifest.xml:28:18-44
33        <activity
34            android:name="com.example.fb_signin_demo_getx.MainActivity"
35            android:configChanges="orientation|keyboardHidden|keyboard|screenSize|smallestScreenSize|locale|layoutDirection|fontScale|screenLayout|density|uiMode"
36            android:exported="true"
37            android:hardwareAccelerated="true"
38            android:launchMode="singleTop"
39            android:theme="@style/LaunchTheme"
40            android:windowSoftInputMode="adjustResize" >
41
42            <!--
43                 Specifies an Android theme to apply to this Activity as soon as
44                 the Android process has started. This theme is visible to the user
45                 while the Flutter UI initializes. After that, this theme continues
46                 to determine the Window background behind the Flutter UI.
47            -->
48            <meta-data
49                android:name="io.flutter.embedding.android.NormalTheme"
50                android:resource="@style/NormalTheme" />
51
52            <intent-filter>
53                <action android:name="android.intent.action.MAIN" />
54
55                <category android:name="android.intent.category.LAUNCHER" />
56            </intent-filter>
57        </activity>
58        <!--
59             Don't delete the meta-data below.
60             This is used by the Flutter tool to generate GeneratedPluginRegistrant.java
61        -->
62        <meta-data
63            android:name="flutterEmbedding"
64            android:value="2" />
65        <meta-data
66            android:name="com.facebook.sdk.ApplicationId"
67            android:value="@string/facebook_app_id" />
68        <meta-data
69            android:name="com.facebook.sdk.ClientToken"
70            android:value="@string/facebook_client_token" />
71
72        <activity
73            android:name="com.facebook.FacebookActivity"
74            android:configChanges="keyboard|keyboardHidden|screenLayout|screenSize|orientation"
75            android:label="@string/app_name"
76            android:theme="@style/com_facebook_activity_theme" />
76-->[com.facebook.android:facebook-common:16.0.1] AndroidManifest.xml:25:13-63
77        <activity
78            android:name="com.facebook.CustomTabActivity"
79            android:exported="true" >
80            <intent-filter>
81                <action android:name="android.intent.action.VIEW" />
81-->[com.facebook.android:facebook-common:16.0.1] AndroidManifest.xml:32:17-69
81-->[com.facebook.android:facebook-common:16.0.1] AndroidManifest.xml:32:25-66
82
83                <category android:name="android.intent.category.DEFAULT" />
83-->[com.facebook.android:facebook-common:16.0.1] AndroidManifest.xml:34:17-76
83-->[com.facebook.android:facebook-common:16.0.1] AndroidManifest.xml:34:27-73
84                <category android:name="android.intent.category.BROWSABLE" />
84-->[com.facebook.android:facebook-common:16.0.1] AndroidManifest.xml:35:17-78
84-->[com.facebook.android:facebook-common:16.0.1] AndroidManifest.xml:35:27-75
85
86                <data android:scheme="@string/fb_login_protocol_scheme" />
86-->[com.facebook.android:facebook-common:16.0.1] AndroidManifest.xml:37:17-39:50
86-->[com.facebook.android:facebook-common:16.0.1] AndroidManifest.xml:39:21-47
87            </intent-filter>
88            <intent-filter>
88-->[com.facebook.android:facebook-common:16.0.1] AndroidManifest.xml:31:13-40:29
89                <action android:name="android.intent.action.VIEW" />
89-->[com.facebook.android:facebook-common:16.0.1] AndroidManifest.xml:32:17-69
89-->[com.facebook.android:facebook-common:16.0.1] AndroidManifest.xml:32:25-66
90
91                <category android:name="android.intent.category.DEFAULT" />
91-->[com.facebook.android:facebook-common:16.0.1] AndroidManifest.xml:34:17-76
91-->[com.facebook.android:facebook-common:16.0.1] AndroidManifest.xml:34:27-73
92                <category android:name="android.intent.category.BROWSABLE" />
92-->[com.facebook.android:facebook-common:16.0.1] AndroidManifest.xml:35:17-78
92-->[com.facebook.android:facebook-common:16.0.1] AndroidManifest.xml:35:27-75
93
94                <data
94-->[com.facebook.android:facebook-common:16.0.1] AndroidManifest.xml:37:17-39:50
95                    android:host="cct.com.example.fb_signin_demo_getx"
95-->[com.facebook.android:facebook-common:16.0.1] AndroidManifest.xml:38:21-56
96                    android:scheme="fbconnect" />
96-->[com.facebook.android:facebook-common:16.0.1] AndroidManifest.xml:39:21-47
97            </intent-filter>
98        </activity>
99
100        <uses-library
100-->[androidx.window:window:1.0.0-beta04] AndroidManifest.xml:25:9-27:40
101            android:name="androidx.window.extensions"
101-->[androidx.window:window:1.0.0-beta04] AndroidManifest.xml:26:13-54
102            android:required="false" />
102-->[androidx.window:window:1.0.0-beta04] AndroidManifest.xml:27:13-37
103        <uses-library
103-->[androidx.window:window:1.0.0-beta04] AndroidManifest.xml:28:9-30:40
104            android:name="androidx.window.sidecar"
104-->[androidx.window:window:1.0.0-beta04] AndroidManifest.xml:29:13-51
105            android:required="false" />
105-->[androidx.window:window:1.0.0-beta04] AndroidManifest.xml:30:13-37
106
107        <service
107-->[com.google.android.gms:play-services-measurement-api:21.2.2] AndroidManifest.xml:28:9-34:19
108            android:name="com.google.firebase.components.ComponentDiscoveryService"
108-->[com.google.android.gms:play-services-measurement-api:21.2.2] AndroidManifest.xml:29:13-84
109            android:directBootAware="true"
109-->[com.google.firebase:firebase-common:20.3.2] AndroidManifest.xml:34:13-43
110            android:exported="false" >
110-->[com.google.android.gms:play-services-measurement-api:21.2.2] AndroidManifest.xml:30:13-37
111            <meta-data
111-->[com.google.android.gms:play-services-measurement-api:21.2.2] AndroidManifest.xml:31:13-33:85
112                android:name="com.google.firebase.components:com.google.firebase.analytics.connector.internal.AnalyticsConnectorRegistrar"
112-->[com.google.android.gms:play-services-measurement-api:21.2.2] AndroidManifest.xml:32:17-139
113                android:value="com.google.firebase.components.ComponentRegistrar" />
113-->[com.google.android.gms:play-services-measurement-api:21.2.2] AndroidManifest.xml:33:17-82
114            <meta-data
114-->[com.google.firebase:firebase-installations:17.1.3] AndroidManifest.xml:17:13-19:85
115                android:name="com.google.firebase.components:com.google.firebase.installations.FirebaseInstallationsRegistrar"
115-->[com.google.firebase:firebase-installations:17.1.3] AndroidManifest.xml:18:17-127
116                android:value="com.google.firebase.components.ComponentRegistrar" />
116-->[com.google.firebase:firebase-installations:17.1.3] AndroidManifest.xml:19:17-82
117        </service>
118
119        <provider
119-->[com.google.firebase:firebase-common:20.3.2] AndroidManifest.xml:25:9-30:39
120            android:name="com.google.firebase.provider.FirebaseInitProvider"
120-->[com.google.firebase:firebase-common:20.3.2] AndroidManifest.xml:26:13-77
121            android:authorities="com.example.fb_signin_demo_getx.firebaseinitprovider"
121-->[com.google.firebase:firebase-common:20.3.2] AndroidManifest.xml:27:13-72
122            android:directBootAware="true"
122-->[com.google.firebase:firebase-common:20.3.2] AndroidManifest.xml:28:13-43
123            android:exported="false"
123-->[com.google.firebase:firebase-common:20.3.2] AndroidManifest.xml:29:13-37
124            android:initOrder="100" />
124-->[com.google.firebase:firebase-common:20.3.2] AndroidManifest.xml:30:13-36
125
126        <activity android:name="com.facebook.CustomTabMainActivity" />
126-->[com.facebook.android:facebook-common:16.0.1] AndroidManifest.xml:26:9-71
126-->[com.facebook.android:facebook-common:16.0.1] AndroidManifest.xml:26:19-68
127        <!--
128         The initialization ContentProvider will call FacebookSdk.sdkInitialize automatically
129         with the application context. This config is merged in with the host app's manifest,
130         but there can only be one provider with the same authority activated at any given
131         point; so if the end user has two or more different apps that use Facebook SDK, only the
132         first one will be able to use the provider. To work around this problem, we use the
133         following placeholder in the authority to identify each host application as if it was
134         a completely different provider.
135        -->
136        <provider
136-->[com.facebook.android:facebook-core:16.0.1] AndroidManifest.xml:29:9-32:40
137            android:name="com.facebook.internal.FacebookInitProvider"
137-->[com.facebook.android:facebook-core:16.0.1] AndroidManifest.xml:30:13-70
138            android:authorities="com.example.fb_signin_demo_getx.FacebookInitProvider"
138-->[com.facebook.android:facebook-core:16.0.1] AndroidManifest.xml:31:13-72
139            android:exported="false" />
139-->[com.facebook.android:facebook-core:16.0.1] AndroidManifest.xml:32:13-37
140
141        <receiver
141-->[com.facebook.android:facebook-core:16.0.1] AndroidManifest.xml:34:9-40:20
142            android:name="com.facebook.CurrentAccessTokenExpirationBroadcastReceiver"
142-->[com.facebook.android:facebook-core:16.0.1] AndroidManifest.xml:35:13-86
143            android:exported="false" >
143-->[com.facebook.android:facebook-core:16.0.1] AndroidManifest.xml:36:13-37
144            <intent-filter>
144-->[com.facebook.android:facebook-core:16.0.1] AndroidManifest.xml:37:13-39:29
145                <action android:name="com.facebook.sdk.ACTION_CURRENT_ACCESS_TOKEN_CHANGED" />
145-->[com.facebook.android:facebook-core:16.0.1] AndroidManifest.xml:38:17-95
145-->[com.facebook.android:facebook-core:16.0.1] AndroidManifest.xml:38:25-92
146            </intent-filter>
147        </receiver>
148        <receiver
148-->[com.facebook.android:facebook-core:16.0.1] AndroidManifest.xml:41:9-47:20
149            android:name="com.facebook.AuthenticationTokenManager$CurrentAuthenticationTokenChangedBroadcastReceiver"
149-->[com.facebook.android:facebook-core:16.0.1] AndroidManifest.xml:42:13-118
150            android:exported="false" >
150-->[com.facebook.android:facebook-core:16.0.1] AndroidManifest.xml:43:13-37
151            <intent-filter>
151-->[com.facebook.android:facebook-core:16.0.1] AndroidManifest.xml:44:13-46:29
152                <action android:name="com.facebook.sdk.ACTION_CURRENT_AUTHENTICATION_TOKEN_CHANGED" />
152-->[com.facebook.android:facebook-core:16.0.1] AndroidManifest.xml:45:17-103
152-->[com.facebook.android:facebook-core:16.0.1] AndroidManifest.xml:45:25-100
153            </intent-filter>
154        </receiver>
155        <receiver
155-->[com.google.android.gms:play-services-measurement:21.2.2] AndroidManifest.xml:29:9-33:20
156            android:name="com.google.android.gms.measurement.AppMeasurementReceiver"
156-->[com.google.android.gms:play-services-measurement:21.2.2] AndroidManifest.xml:30:13-85
157            android:enabled="true"
157-->[com.google.android.gms:play-services-measurement:21.2.2] AndroidManifest.xml:31:13-35
158            android:exported="false" >
158-->[com.google.android.gms:play-services-measurement:21.2.2] AndroidManifest.xml:32:13-37
159        </receiver>
160
161        <service
161-->[com.google.android.gms:play-services-measurement:21.2.2] AndroidManifest.xml:35:9-38:40
162            android:name="com.google.android.gms.measurement.AppMeasurementService"
162-->[com.google.android.gms:play-services-measurement:21.2.2] AndroidManifest.xml:36:13-84
163            android:enabled="true"
163-->[com.google.android.gms:play-services-measurement:21.2.2] AndroidManifest.xml:37:13-35
164            android:exported="false" />
164-->[com.google.android.gms:play-services-measurement:21.2.2] AndroidManifest.xml:38:13-37
165        <service
165-->[com.google.android.gms:play-services-measurement:21.2.2] AndroidManifest.xml:39:9-43:72
166            android:name="com.google.android.gms.measurement.AppMeasurementJobService"
166-->[com.google.android.gms:play-services-measurement:21.2.2] AndroidManifest.xml:40:13-87
167            android:enabled="true"
167-->[com.google.android.gms:play-services-measurement:21.2.2] AndroidManifest.xml:41:13-35
168            android:exported="false"
168-->[com.google.android.gms:play-services-measurement:21.2.2] AndroidManifest.xml:42:13-37
169            android:permission="android.permission.BIND_JOB_SERVICE" />
169-->[com.google.android.gms:play-services-measurement:21.2.2] AndroidManifest.xml:43:13-69
170
171        <meta-data
171-->[com.google.android.gms:play-services-basement:18.1.0] AndroidManifest.xml:21:9-23:69
172            android:name="com.google.android.gms.version"
172-->[com.google.android.gms:play-services-basement:18.1.0] AndroidManifest.xml:22:13-58
173            android:value="@integer/google_play_services_version" />
173-->[com.google.android.gms:play-services-basement:18.1.0] AndroidManifest.xml:23:13-66
174    </application>
175
176</manifest>